0 verbose cli /usr/local/bin/node /usr/local/bin/npm
1 info using npm@10.7.0
2 info using node@v20.15.0
3 silly config:load:file:/usr/local/lib/node_modules/npm/npmrc
4 silly config:load:file:/data/.npmrc
5 silly config:load:file:/usr/src/node-red/.npmrc
6 silly config:load:file:/usr/local/etc/npmrc
7 verbose title npm install node-red-dashboard@3.6.5
8 verbose argv "install" "--no-audit" "--no-update-notifier" "--no-fund" "--save" "--save-prefix" "~" "--omit" "dev" "--engine-strict" "node-red-dashboard@3.6.5"
9 verbose logfile logs-max:10 dir:/data/.npm/_logs/2024-07-12T16_05_36_260Z-
10 verbose logfile /data/.npm/_logs/2024-07-12T16_05_36_260Z-debug-0.log
11 silly logfile done cleaning log files
12 silly idealTree buildDeps
13 silly fetch manifest node-red-contrib-calc@^1.0.6
14 http fetch GET 200 https://registry.npmjs.org/node-red-contrib-calc 1371ms (cache miss)
15 silly fetch manifest node-red-contrib-timer@^1.0.6
16 http fetch GET 200 https://registry.npmjs.org/node-red-contrib-timer 1036ms (cache miss)
17 silly fetch manifest node-red-contrib-ui-time-scheduler@^1.17.2
18 http fetch GET 200 https://registry.npmjs.org/node-red-contrib-ui-time-scheduler 741ms (cache miss)
19 silly fetch manifest node-red-dashboard@3.6.5
20 http fetch GET 200 https://registry.npmjs.org/node-red-dashboard 929ms (cache miss)
21 silly fetch manifest node-red-node-random@^0.4.1
22 http fetch GET 200 https://registry.npmjs.org/node-red-node-random 885ms (cache miss)
23 silly placeDep ROOT node-red-contrib-calc@1.0.6 OK for: feed_my_plant@0.0.1 want: ^1.0.6
24 silly placeDep ROOT node-red-contrib-timer@1.0.6 OK for: feed_my_plant@0.0.1 want: ^1.0.6
25 silly placeDep ROOT node-red-contrib-ui-time-scheduler@1.17.2 OK for: feed_my_plant@0.0.1 want: ^1.17.2
26 silly placeDep ROOT node-red-dashboard@3.6.5 OK for: feed_my_plant@0.0.1 want: 3.6.5
27 silly placeDep ROOT node-red-node-random@0.4.1 OK for: feed_my_plant@0.0.1 want: ^0.4.1
28 silly fetch manifest suncalc@^1.9.0
29 silly fetch manifest compression@^1.7.4
30 silly fetch manifest gridstack@^0.6.4
31 silly fetch manifest serve-static@^1.15.0
32 silly fetch manifest socket.io@^4.7.4
33 http fetch GET 200 https://registry.npmjs.org/compression 692ms (cache miss)
34 http fetch GET 200 https://registry.npmjs.org/serve-static 700ms (cache miss)
35 http fetch GET 200 https://registry.npmjs.org/suncalc 719ms (cache miss)
36 http fetch GET 200 https://registry.npmjs.org/socket.io 715ms (cache miss)
37 http fetch GET 200 https://registry.npmjs.org/gridstack 731ms (cache miss)
38 silly placeDep ROOT suncalc@1.9.0 OK for: node-red-contrib-ui-time-scheduler@1.17.2 want: ^1.9.0
39 silly placeDep ROOT compression@1.7.4 OK for: node-red-dashboard@3.6.5 want: ^1.7.4
40 silly placeDep ROOT gridstack@0.6.4 OK for: node-red-dashboard@3.6.5 want: ^0.6.4
41 silly placeDep ROOT serve-static@1.15.0 OK for: node-red-dashboard@3.6.5 want: ^1.15.0
42 silly placeDep ROOT socket.io@4.7.5 OK for: node-red-dashboard@3.6.5 want: ^4.7.4
43 silly fetch manifest vary@~1.1.2
44 silly fetch manifest bytes@3.0.0
45 silly fetch manifest debug@2.6.9
46 silly fetch manifest accepts@~1.3.5
47 silly fetch manifest on-headers@~1.0.2
48 silly fetch manifest safe-buffer@5.1.2
49 silly fetch manifest compressible@~2.0.16
50 http fetch GET 200 https://registry.npmjs.org/accepts 194ms (cache miss)
51 silly fetch manifest jquery@^1.8 || 2 || 3
52 http fetch GET 200 https://registry.npmjs.org/on-headers 198ms (cache miss)
53 silly fetch manifest send@0.18.0
54 http fetch GET 200 https://registry.npmjs.org/vary 226ms (cache miss)
55 silly fetch manifest parseurl@~1.3.3
56 http fetch GET 200 https://registry.npmjs.org/debug 228ms (cache miss)
57 silly fetch manifest encodeurl@~1.0.2
58 http fetch GET 200 https://registry.npmjs.org/bytes 234ms (cache miss)
59 silly fetch manifest escape-html@~1.0.3
60 http fetch GET 200 https://registry.npmjs.org/send 200ms (cache miss)
61 silly fetch manifest cors@~2.8.5
62 http fetch GET 200 https://registry.npmjs.org/parseurl 179ms (cache miss)
63 silly fetch manifest debug@~4.3.2
64 silly fetch manifest accepts@~1.3.4
65 silly fetch manifest base64id@~2.0.0
66 http fetch GET 200 https://registry.npmjs.org/encodeurl 181ms (cache miss)
67 silly fetch manifest engine.io@~6.5.2
68 http fetch GET 200 https://registry.npmjs.org/jquery 216ms (cache miss)
69 silly fetch manifest socket.io-parser@~4.2.4
70 http fetch GET 200 https://registry.npmjs.org/escape-html 184ms (cache miss)
71 silly fetch manifest socket.io-adapter@~2.5.2
72 http fetch GET 200 https://registry.npmjs.org/base64id 191ms (cache miss)
73 http fetch GET 200 https://registry.npmjs.org/compressible 611ms (cache miss)
74 http fetch GET 200 https://registry.npmjs.org/cors 212ms (cache miss)
75 http fetch GET 200 https://registry.npmjs.org/safe-buffer 618ms (cache miss)
76 http fetch GET 200 https://registry.npmjs.org/socket.io-adapter 205ms (cache miss)
77 http fetch GET 200 https://registry.npmjs.org/socket.io-parser 214ms (cache miss)
78 http fetch GET 200 https://registry.npmjs.org/engine.io 221ms (cache miss)
79 silly placeDep ROOT accepts@1.3.8 OK for: compression@1.7.4 want: ~1.3.5
80 silly placeDep ROOT bytes@3.0.0 OK for: compression@1.7.4 want: 3.0.0
81 silly placeDep ROOT compressible@2.0.18 OK for: compression@1.7.4 want: ~2.0.16
82 silly placeDep ROOT debug@2.6.9 OK for: compression@1.7.4 want: 2.6.9
83 silly placeDep ROOT on-headers@1.0.2 OK for: compression@1.7.4 want: ~1.0.2
84 silly placeDep ROOT safe-buffer@5.1.2 OK for: compression@1.7.4 want: 5.1.2
85 silly placeDep ROOT vary@1.1.2 OK for: compression@1.7.4 want: ~1.1.2
86 silly fetch manifest mime-types@~2.1.34
87 silly fetch manifest negotiator@0.6.3
88 silly fetch manifest mime-db@>= 1.43.0 < 2
89 silly fetch manifest ms@2.0.0
90 http fetch GET 200 https://registry.npmjs.org/negotiator 159ms (cache miss)
91 http fetch GET 200 https://registry.npmjs.org/mime-types 186ms (cache miss)
92 http fetch GET 200 https://registry.npmjs.org/ms 312ms (cache miss)
93 http fetch GET 200 https://registry.npmjs.org/mime-db 318ms (cache miss)
94 silly placeDep ROOT mime-types@2.1.35 OK for: accepts@1.3.8 want: ~2.1.34
95 silly placeDep ROOT negotiator@0.6.3 OK for: accepts@1.3.8 want: 0.6.3
96 silly fetch manifest mime-db@1.52.0
97 silly placeDep ROOT mime-db@1.52.0 OK for: compressible@2.0.18 want: >= 1.43.0 < 2
98 silly placeDep ROOT ms@2.0.0 OK for: debug@2.6.9 want: 2.0.0
99 silly placeDep ROOT jquery@3.7.1 OK for: gridstack@0.6.4 want: ^1.8 || 2 || 3
100 silly placeDep ROOT encodeurl@1.0.2 OK for: serve-static@1.15.0 want: ~1.0.2
101 silly placeDep ROOT escape-html@1.0.3 OK for: serve-static@1.15.0 want: ~1.0.3
102 silly placeDep ROOT parseurl@1.3.3 OK for: serve-static@1.15.0 want: ~1.3.3
103 silly placeDep ROOT send@0.18.0 OK for: serve-static@1.15.0 want: 0.18.0
104 silly fetch manifest ms@2.1.3
105 silly fetch manifest depd@2.0.0
106 silly fetch manifest etag@~1.8.1
107 silly fetch manifest mime@1.6.0
108 silly fetch manifest fresh@0.5.2
109 silly fetch manifest destroy@1.2.0
110 silly fetch manifest statuses@2.0.1
111 silly fetch manifest http-errors@2.0.0
112 http fetch GET 200 https://registry.npmjs.org/etag 230ms (cache miss)
113 silly fetch manifest on-finished@2.4.1
114 http fetch GET 200 https://registry.npmjs.org/statuses 229ms (cache miss)
115 silly fetch manifest range-parser@~1.2.1
116 http fetch GET 200 https://registry.npmjs.org/fresh 233ms (cache miss)
117 http fetch GET 200 https://registry.npmjs.org/destroy 233ms (cache miss)
118 http fetch GET 200 https://registry.npmjs.org/depd 240ms (cache miss)
119 http fetch GET 200 https://registry.npmjs.org/http-errors 234ms (cache miss)
120 http fetch GET 200 https://registry.npmjs.org/mime 242ms (cache miss)
121 http fetch GET 200 https://registry.npmjs.org/range-parser 172ms (cache miss)
122 http fetch GET 200 https://registry.npmjs.org/on-finished 177ms (cache miss)
123 silly placeDep ROOT depd@2.0.0 OK for: send@0.18.0 want: 2.0.0
124 silly placeDep ROOT destroy@1.2.0 OK for: send@0.18.0 want: 1.2.0
125 silly placeDep ROOT etag@1.8.1 OK for: send@0.18.0 want: ~1.8.1
126 silly placeDep ROOT fresh@0.5.2 OK for: send@0.18.0 want: 0.5.2
127 silly placeDep ROOT http-errors@2.0.0 OK for: send@0.18.0 want: 2.0.0
128 silly placeDep ROOT mime@1.6.0 OK for: send@0.18.0 want: 1.6.0
129 silly placeDep node_modules/send ms@2.1.3 OK for: send@0.18.0 want: 2.1.3
130 silly placeDep ROOT on-finished@2.4.1 OK for: send@0.18.0 want: 2.4.1
131 silly placeDep ROOT range-parser@1.2.1 OK for: send@0.18.0 want: ~1.2.1
132 silly placeDep ROOT statuses@2.0.1 OK for: send@0.18.0 want: 2.0.1
133 silly fetch manifest inherits@2.0.4
134 silly fetch manifest setprototypeof@1.2.0
135 silly fetch manifest toidentifier@1.0.1
136 silly fetch manifest ee-first@1.1.1
137 http fetch GET 200 https://registry.npmjs.org/ee-first 192ms (cache miss)
138 http fetch GET 200 https://registry.npmjs.org/setprototypeof 195ms (cache miss)
139 http fetch GET 200 https://registry.npmjs.org/toidentifier 197ms (cache miss)
140 http fetch GET 200 https://registry.npmjs.org/inherits 199ms (cache miss)
141 silly placeDep ROOT inherits@2.0.4 OK for: http-errors@2.0.0 want: 2.0.4
142 silly placeDep ROOT setprototypeof@1.2.0 OK for: http-errors@2.0.0 want: 1.2.0
143 silly placeDep ROOT toidentifier@1.0.1 OK for: http-errors@2.0.0 want: 1.0.1
144 silly placeDep ROOT ee-first@1.1.1 OK for: on-finished@2.4.1 want: 1.1.1
145 silly placeDep ROOT base64id@2.0.0 OK for: socket.io@4.7.5 want: ~2.0.0
146 silly placeDep ROOT cors@2.8.5 OK for: socket.io@4.7.5 want: ~2.8.5
147 silly placeDep node_modules/socket.io debug@4.3.5 OK for: socket.io@4.7.5 want: ~4.3.2
148 silly placeDep ROOT engine.io@6.5.5 OK for: socket.io@4.7.5 want: ~6.5.2
149 silly placeDep ROOT socket.io-adapter@2.5.5 OK for: socket.io@4.7.5 want: ~2.5.2
150 silly placeDep ROOT socket.io-parser@4.2.4 OK for: socket.io@4.7.5 want: ~4.2.4
151 silly fetch manifest object-assign@^4
152 silly fetch manifest ms@2.1.2
153 silly fetch manifest ws@~8.17.1
154 silly fetch manifest debug@~4.3.1
155 silly fetch manifest cookie@~0.4.1
156 silly fetch manifest @types/cors@^2.8.12
157 silly fetch manifest @types/node@>=10.0.0
158 silly fetch manifest @types/cookie@^0.4.1
159 silly fetch manifest engine.io-parser@~5.2.1
160 http fetch GET 200 https://registry.npmjs.org/cookie 186ms (cache miss)
161 silly fetch manifest debug@~4.3.4
162 http fetch GET 200 https://registry.npmjs.org/@types%2fcors 193ms (cache miss)
163 silly fetch manifest @socket.io/component-emitter@~3.1.0
164 http fetch GET 200 https://registry.npmjs.org/ws 210ms (cache miss)
165 http fetch GET 200 https://registry.npmjs.org/@types%2fcookie 235ms (cache miss)
166 http fetch GET 200 https://registry.npmjs.org/engine.io-parser 237ms (cache miss)
167 http fetch GET 200 https://registry.npmjs.org/object-assign 247ms (cache miss)
168 http fetch GET 200 https://registry.npmjs.org/@socket.io%2fcomponent-emitter 202ms (cache miss)
169 http fetch GET 200 https://registry.npmjs.org/@types%2fnode 637ms (cache miss)
170 silly placeDep ROOT object-assign@4.1.1 OK for: cors@2.8.5 want: ^4
171 silly fetch manifest bufferutil@^4.0.1
172 http fetch GET 200 https://registry.npmjs.org/bufferutil 188ms (cache miss)
173 silly fetch manifest utf-8-validate@>=5.0.2
174 http fetch GET 200 https://registry.npmjs.org/utf-8-validate 209ms (cache miss)
175 silly placeDep ROOT @types/cookie@0.4.1 OK for: engine.io@6.5.5 want: ^0.4.1
176 silly placeDep ROOT @types/cors@2.8.17 OK for: engine.io@6.5.5 want: ^2.8.12
177 silly placeDep ROOT @types/node@20.14.10 OK for: engine.io@6.5.5 want: >=10.0.0
178 silly placeDep ROOT cookie@0.4.2 OK for: engine.io@6.5.5 want: ~0.4.1
179 silly placeDep node_modules/engine.io debug@4.3.5 OK for: engine.io@6.5.5 want: ~4.3.1
180 silly placeDep ROOT engine.io-parser@5.2.3 OK for: engine.io@6.5.5 want: ~5.2.1
181 silly placeDep ROOT ws@8.17.1 OK for: engine.io@6.5.5 want: ~8.17.1
182 silly fetch manifest @types/node@*
183 silly fetch manifest undici-types@~5.26.4
184 http fetch GET 200 https://registry.npmjs.org/undici-types 202ms (cache miss)
185 silly placeDep ROOT undici-types@5.26.5 OK for: @types/node@20.14.10 want: ~5.26.4
186 silly placeDep node_modules/socket.io-adapter debug@4.3.5 OK for: socket.io-adapter@2.5.5 want: ~4.3.4
187 silly placeDep ROOT @socket.io/component-emitter@3.1.2 OK for: socket.io-parser@4.2.4 want: ~3.1.0
188 silly placeDep node_modules/socket.io-parser debug@4.3.5 OK for: socket.io-parser@4.2.4 want: ~4.3.1
189 silly placeDep node_modules/engine.io ms@2.1.2 OK for: debug@4.3.5 want: 2.1.2
190 silly placeDep node_modules/socket.io-adapter ms@2.1.2 OK for: debug@4.3.5 want: 2.1.2
191 silly placeDep node_modules/socket.io-parser ms@2.1.2 OK for: debug@4.3.5 want: 2.1.2
192 silly placeDep node_modules/socket.io ms@2.1.2 OK for: debug@4.3.5 want: 2.1.2
193 silly reify moves {}
194 silly tarball no local data for undici-types@https://registry.npmjs.org/undici-types/-/undici-types-5.26.5.tgz. Extracting by manifest.
195 silly tarball no local data for @socket.io/component-emitter@https://registry.npmjs.org/@socket.io/component-emitter/-/component-emitter-3.1.2.tgz. Extracting by manifest.
196 silly tarball no local data for @types/cors@https://registry.npmjs.org/@types/cors/-/cors-2.8.17.tgz. Extracting by manifest.
197 silly tarball no local data for engine.io-parser@https://registry.npmjs.org/engine.io-parser/-/engine.io-parser-5.2.3.tgz. Extracting by manifest.
198 silly tarball no local data for @types/node@https://registry.npmjs.org/@types/node/-/node-20.14.10.tgz. Extracting by manifest.
199 silly tarball no local data for engine.io@https://registry.npmjs.org/engine.io/-/engine.io-6.5.5.tgz. Extracting by manifest.
200 silly tarball no local data for object-assign@https://registry.npmjs.org/object-assign/-/object-assign-4.1.1.tgz. Extracting by manifest.
201 silly tarball no local data for cors@https://registry.npmjs.org/cors/-/cors-2.8.5.tgz. Extracting by manifest.
202 silly tarball no local data for ws@https://registry.npmjs.org/ws/-/ws-8.17.1.tgz. Extracting by manifest.
203 silly tarball no local data for @types/cookie@https://registry.npmjs.org/@types/cookie/-/cookie-0.4.1.tgz. Extracting by manifest.
204 silly tarball no local data for base64id@https://registry.npmjs.org/base64id/-/base64id-2.0.0.tgz. Extracting by manifest.
205 silly tarball no local data for ee-first@https://registry.npmjs.org/ee-first/-/ee-first-1.1.1.tgz. Extracting by manifest.
206 silly tarball no local data for toidentifier@https://registry.npmjs.org/toidentifier/-/toidentifier-1.0.1.tgz. Extracting by manifest.
207 silly tarball no local data for setprototypeof@https://registry.npmjs.org/setprototypeof/-/setprototypeof-1.2.0.tgz. Extracting by manifest.
208 silly tarball no local data for statuses@https://registry.npmjs.org/statuses/-/statuses-2.0.1.tgz. Extracting by manifest.
209 silly tarball no local data for inherits@https://registry.npmjs.org/inherits/-/inherits-2.0.4.tgz. Extracting by manifest.
210 silly tarball no local data for range-parser@https://registry.npmjs.org/range-parser/-/range-parser-1.2.1.tgz. Extracting by manifest.
211 silly tarball no local data for mime@https://registry.npmjs.org/mime/-/mime-1.6.0.tgz. Extracting by manifest.
212 silly tarball no local data for on-finished@https://registry.npmjs.org/on-finished/-/on-finished-2.4.1.tgz. Extracting by manifest.
213 silly tarball no local data for http-errors@https://registry.npmjs.org/http-errors/-/http-errors-2.0.0.tgz. Extracting by manifest.
214 silly tarball no local data for fresh@https://registry.npmjs.org/fresh/-/fresh-0.5.2.tgz. Extracting by manifest.
215 silly tarball no local data for depd@https://registry.npmjs.org/depd/-/depd-2.0.0.tgz. Extracting by manifest.
216 silly tarball no local data for destroy@https://registry.npmjs.org/destroy/-/destroy-1.2.0.tgz. Extracting by manifest.
217 silly tarball no local data for encodeurl@https://registry.npmjs.org/encodeurl/-/encodeurl-1.0.2.tgz. Extracting by manifest.
218 silly tarball no local data for send@https://registry.npmjs.org/send/-/send-0.18.0.tgz. Extracting by manifest.
219 silly tarball no local data for escape-html@https://registry.npmjs.org/escape-html/-/escape-html-1.0.3.tgz. Extracting by manifest.
220 silly tarball no local data for jquery@https://registry.npmjs.org/jquery/-/jquery-3.7.1.tgz. Extracting by manifest.
221 silly tarball no local data for ms@https://registry.npmjs.org/ms/-/ms-2.0.0.tgz. Extracting by manifest.
222 silly tarball no local data for negotiator@https://registry.npmjs.org/negotiator/-/negotiator-0.6.3.tgz. Extracting by manifest.
223 silly tarball no local data for mime-types@https://registry.npmjs.org/mime-types/-/mime-types-2.1.35.tgz. Extracting by manifest.
224 silly tarball no local data for etag@https://registry.npmjs.org/etag/-/etag-1.8.1.tgz. Extracting by manifest.
225 silly tarball no local data for safe-buffer@https://registry.npmjs.org/safe-buffer/-/safe-buffer-5.1.2.tgz. Extracting by manifest.
226 silly tarball no local data for cookie@https://registry.npmjs.org/cookie/-/cookie-0.4.2.tgz. Extracting by manifest.
227 silly tarball no local data for vary@https://registry.npmjs.org/vary/-/vary-1.1.2.tgz. Extracting by manifest.
228 silly tarball no local data for debug@https://registry.npmjs.org/debug/-/debug-2.6.9.tgz. Extracting by manifest.
229 silly tarball no local data for compressible@https://registry.npmjs.org/compressible/-/compressible-2.0.18.tgz. Extracting by manifest.
230 silly tarball no local data for accepts@https://registry.npmjs.org/accepts/-/accepts-1.3.8.tgz. Extracting by manifest.
231 silly tarball no local data for socket.io@https://registry.npmjs.org/socket.io/-/socket.io-4.7.5.tgz. Extracting by manifest.
232 silly tarball no local data for serve-static@https://registry.npmjs.org/serve-static/-/serve-static-1.15.0.tgz. Extracting by manifest.
233 silly tarball no local data for mime-db@https://registry.npmjs.org/mime-db/-/mime-db-1.52.0.tgz. Extracting by manifest.
234 silly tarball no local data for compression@https://registry.npmjs.org/compression/-/compression-1.7.4.tgz. Extracting by manifest.
235 silly tarball no local data for gridstack@https://registry.npmjs.org/gridstack/-/gridstack-0.6.4.tgz. Extracting by manifest.
236 silly tarball no local data for suncalc@https://registry.npmjs.org/suncalc/-/suncalc-1.9.0.tgz. Extracting by manifest.
237 silly tarball no local data for on-headers@https://registry.npmjs.org/on-headers/-/on-headers-1.0.2.tgz. Extracting by manifest.
238 silly tarball no local data for node-red-node-random@https://registry.npmjs.org/node-red-node-random/-/node-red-node-random-0.4.1.tgz. Extracting by manifest.
239 silly tarball no local data for node-red-dashboard@https://registry.npmjs.org/node-red-dashboard/-/node-red-dashboard-3.6.5.tgz. Extracting by manifest.
240 silly tarball no local data for bytes@https://registry.npmjs.org/bytes/-/bytes-3.0.0.tgz. Extracting by manifest.
241 silly tarball no local data for node-red-contrib-timer@https://registry.npmjs.org/node-red-contrib-timer/-/node-red-contrib-timer-1.0.6.tgz. Extracting by manifest.
242 silly tarball no local data for socket.io-parser@https://registry.npmjs.org/socket.io-parser/-/socket.io-parser-4.2.4.tgz. Extracting by manifest.
243 silly tarball no local data for socket.io-adapter@https://registry.npmjs.org/socket.io-adapter/-/socket.io-adapter-2.5.5.tgz. Extracting by manifest.
244 silly tarball no local data for debug@https://registry.npmjs.org/debug/-/debug-4.3.5.tgz. Extracting by manifest.
245 silly tarball no local data for node-red-contrib-calc@https://registry.npmjs.org/node-red-contrib-calc/-/node-red-contrib-calc-1.0.6.tgz. Extracting by manifest.
246 silly tarball no local data for node-red-contrib-ui-time-scheduler@https://registry.npmjs.org/node-red-contrib-ui-time-scheduler/-/node-red-contrib-ui-time-scheduler-1.17.2.tgz. Extracting by manifest.
247 silly tarball no local data for debug@https://registry.npmjs.org/debug/-/debug-4.3.5.tgz. Extracting by manifest.
248 silly tarball no local data for ms@https://registry.npmjs.org/ms/-/ms-2.1.2.tgz. Extracting by manifest.
249 silly tarball no local data for debug@https://registry.npmjs.org/debug/-/debug-4.3.5.tgz. Extracting by manifest.
250 silly tarball no local data for ms@https://registry.npmjs.org/ms/-/ms-2.1.2.tgz. Extracting by manifest.
251 silly tarball no local data for ms@https://registry.npmjs.org/ms/-/ms-2.1.3.tgz. Extracting by manifest.
252 silly tarball no local data for parseurl@https://registry.npmjs.org/parseurl/-/parseurl-1.3.3.tgz. Extracting by manifest.
253 silly tarball no local data for ms@https://registry.npmjs.org/ms/-/ms-2.1.2.tgz. Extracting by manifest.
254 silly tarball no local data for ms@https://registry.npmjs.org/ms/-/ms-2.1.2.tgz. Extracting by manifest.
255 silly tarball no local data for debug@https://registry.npmjs.org/debug/-/debug-4.3.5.tgz. Extracting by manifest.
256 http fetch GET 200 https://registry.npmjs.org/object-assign/-/object-assign-4.1.1.tgz 302ms (cache miss)
257 http fetch GET 200 https://registry.npmjs.org/engine.io-parser/-/engine.io-parser-5.2.3.tgz 306ms (cache miss)
258 http fetch GET 200 https://registry.npmjs.org/@types/cors/-/cors-2.8.17.tgz 310ms (cache miss)
259 http fetch GET 200 https://registry.npmjs.org/@socket.io/component-emitter/-/component-emitter-3.1.2.tgz 334ms (cache miss)
260 http fetch GET 200 https://registry.npmjs.org/undici-types/-/undici-types-5.26.5.tgz 342ms (cache miss)
261 http fetch GET 200 https://registry.npmjs.org/engine.io/-/engine.io-6.5.5.tgz 343ms (cache miss)
262 http fetch GET 200 https://registry.npmjs.org/inherits/-/inherits-2.0.4.tgz 406ms (cache miss)
263 http fetch GET 200 https://registry.npmjs.org/range-parser/-/range-parser-1.2.1.tgz 416ms (cache miss)
264 http fetch GET 200 https://registry.npmjs.org/on-finished/-/on-finished-2.4.1.tgz 415ms (cache miss)
265 http fetch GET 200 https://registry.npmjs.org/http-errors/-/http-errors-2.0.0.tgz 446ms (cache miss)
266 http fetch GET 200 https://registry.npmjs.org/fresh/-/fresh-0.5.2.tgz 461ms (cache miss)
267 http fetch GET 200 https://registry.npmjs.org/mime/-/mime-1.6.0.tgz 463ms (cache miss)
268 http fetch GET 200 https://registry.npmjs.org/@types/node/-/node-20.14.10.tgz 543ms (cache miss)
269 http fetch GET 200 https://registry.npmjs.org/depd/-/depd-2.0.0.tgz 530ms (cache miss)
270 http fetch GET 200 https://registry.npmjs.org/destroy/-/destroy-1.2.0.tgz 548ms (cache miss)
271 http fetch GET 200 https://registry.npmjs.org/encodeurl/-/encodeurl-1.0.2.tgz 552ms (cache miss)
272 http fetch GET 200 https://registry.npmjs.org/send/-/send-0.18.0.tgz 623ms (cache miss)
273 http fetch GET 200 https://registry.npmjs.org/setprototypeof/-/setprototypeof-1.2.0.tgz 635ms (cache miss)
274 http fetch GET 200 https://registry.npmjs.org/@types/cookie/-/cookie-0.4.1.tgz 641ms (cache miss)
275 http fetch GET 200 https://registry.npmjs.org/statuses/-/statuses-2.0.1.tgz 639ms (cache miss)
276 http fetch GET 200 https://registry.npmjs.org/escape-html/-/escape-html-1.0.3.tgz 658ms (cache miss)
277 http fetch GET 200 https://registry.npmjs.org/base64id/-/base64id-2.0.0.tgz 672ms (cache miss)
278 http fetch GET 200 https://registry.npmjs.org/toidentifier/-/toidentifier-1.0.1.tgz 671ms (cache miss)
279 http fetch GET 200 https://registry.npmjs.org/ee-first/-/ee-first-1.1.1.tgz 675ms (cache miss)
280 http fetch GET 200 https://registry.npmjs.org/cors/-/cors-2.8.5.tgz 683ms (cache miss)
281 http fetch GET 200 https://registry.npmjs.org/ws/-/ws-8.17.1.tgz 700ms (cache miss)
282 http fetch GET 200 https://registry.npmjs.org/negotiator/-/negotiator-0.6.3.tgz 698ms (cache miss)
283 http fetch GET 200 https://registry.npmjs.org/ms/-/ms-2.0.0.tgz 699ms (cache miss)
284 http fetch GET 200 https://registry.npmjs.org/etag/-/etag-1.8.1.tgz 791ms (cache miss)
285 http fetch GET 200 https://registry.npmjs.org/mime-types/-/mime-types-2.1.35.tgz 795ms (cache miss)
286 http fetch GET 200 https://registry.npmjs.org/safe-buffer/-/safe-buffer-5.1.2.tgz 798ms (cache miss)
287 http fetch GET 200 https://registry.npmjs.org/cookie/-/cookie-0.4.2.tgz 811ms (cache miss)
288 http fetch GET 200 https://registry.npmjs.org/compressible/-/compressible-2.0.18.tgz 809ms (cache miss)
289 http fetch GET 200 https://registry.npmjs.org/vary/-/vary-1.1.2.tgz 814ms (cache miss)
290 http fetch GET 200 https://registry.npmjs.org/debug/-/debug-2.6.9.tgz 829ms (cache miss)
291 http fetch GET 200 https://registry.npmjs.org/serve-static/-/serve-static-1.15.0.tgz 828ms (cache miss)
292 http fetch GET 200 https://registry.npmjs.org/mime-db/-/mime-db-1.52.0.tgz 830ms (cache miss)
293 http fetch GET 200 https://registry.npmjs.org/suncalc/-/suncalc-1.9.0.tgz 902ms (cache miss)
294 http fetch GET 200 https://registry.npmjs.org/compression/-/compression-1.7.4.tgz 905ms (cache miss)
295 http fetch GET 200 https://registry.npmjs.org/jquery/-/jquery-3.7.1.tgz 1149ms (cache miss)
296 http fetch GET 200 https://registry.npmjs.org/on-headers/-/on-headers-1.0.2.tgz 1183ms (cache miss)
297 http fetch GET 200 https://registry.npmjs.org/bytes/-/bytes-3.0.0.tgz 1180ms (cache miss)
298 http fetch GET 200 https://registry.npmjs.org/node-red-node-random/-/node-red-node-random-0.4.1.tgz 1200ms (cache miss)
299 http fetch GET 200 https://registry.npmjs.org/debug/-/debug-4.3.5.tgz 1208ms (cache miss)
300 http fetch GET 200 https://registry.npmjs.org/socket.io-adapter/-/socket.io-adapter-2.5.5.tgz 1262ms (cache miss)
301 http fetch GET 200 https://registry.npmjs.org/gridstack/-/gridstack-0.6.4.tgz 1364ms (cache miss)
302 http fetch GET 200 https://registry.npmjs.org/ms/-/ms-2.1.2.tgz 1404ms (cache miss)
303 http fetch GET 200 https://registry.npmjs.org/debug/-/debug-4.3.5.tgz 1408ms (cache miss)
304 http fetch GET 200 https://registry.npmjs.org/accepts/-/accepts-1.3.8.tgz 1427ms (cache miss)
305 http fetch GET 200 https://registry.npmjs.org/ms/-/ms-2.1.2.tgz 1427ms (cache miss)
306 http fetch GET 200 https://registry.npmjs.org/ms/-/ms-2.1.2.tgz 1426ms (cache miss)
307 http fetch GET 200 https://registry.npmjs.org/debug/-/debug-4.3.5.tgz 1470ms (cache miss)
308 http fetch GET 200 https://registry.npmjs.org/ms/-/ms-2.1.3.tgz 1478ms (cache miss)
309 http fetch GET 200 https://registry.npmjs.org/socket.io-parser/-/socket.io-parser-4.2.4.tgz 1487ms (cache miss)
310 http fetch GET 200 https://registry.npmjs.org/ms/-/ms-2.1.2.tgz 1489ms (cache miss)
311 http fetch GET 200 https://registry.npmjs.org/parseurl/-/parseurl-1.3.3.tgz 1491ms (cache miss)
312 http fetch GET 200 https://registry.npmjs.org/node-red-contrib-calc/-/node-red-contrib-calc-1.0.6.tgz 1504ms (cache miss)
313 http fetch GET 200 https://registry.npmjs.org/debug/-/debug-4.3.5.tgz 1511ms (cache miss)
314 http fetch GET 200 https://registry.npmjs.org/socket.io/-/socket.io-4.7.5.tgz 1584ms (cache miss)
315 http fetch GET 200 https://registry.npmjs.org/node-red-contrib-timer/-/node-red-contrib-timer-1.0.6.tgz 1613ms (cache miss)
316 http fetch GET 200 https://registry.npmjs.org/node-red-contrib-ui-time-scheduler/-/node-red-contrib-ui-time-scheduler-1.17.2.tgz 1694ms (cache miss)
317 http fetch GET 200 https://registry.npmjs.org/node-red-dashboard/-/node-red-dashboard-3.6.5.tgz 1890ms (cache miss)
318 info run node-red-dashboard@3.6.5 postinstall node_modules/node-red-dashboard node fixgrid.js
319 info run node-red-dashboard@3.6.5 postinstall { code: 0, signal: null }
320 silly ADD node_modules/@socket.io/component-emitter
321 silly ADD node_modules/undici-types
322 silly ADD node_modules/ws
323 silly ADD node_modules/engine.io-parser
324 silly ADD node_modules/cookie
325 silly ADD node_modules/@types/node
326 silly ADD node_modules/@types/cors
327 silly ADD node_modules/@types/cookie
328 silly ADD node_modules/object-assign
329 silly ADD node_modules/socket.io-parser
330 silly ADD node_modules/socket.io-parser/node_modules/ms
331 silly ADD node_modules/socket.io-parser/node_modules/debug
332 silly ADD node_modules/socket.io-adapter
333 silly ADD node_modules/socket.io-adapter/node_modules/ms
334 silly ADD node_modules/socket.io-adapter/node_modules/debug
335 silly ADD node_modules/engine.io
336 silly ADD node_modules/engine.io/node_modules/ms
337 silly ADD node_modules/engine.io/node_modules/debug
338 silly ADD node_modules/cors
339 silly ADD node_modules/base64id
340 silly ADD node_modules/ee-first
341 silly ADD node_modules/toidentifier
342 silly ADD node_modules/setprototypeof
343 silly ADD node_modules/inherits
344 silly ADD node_modules/statuses
345 silly ADD node_modules/range-parser
346 silly ADD node_modules/on-finished
347 silly ADD node_modules/mime
348 silly ADD node_modules/http-errors
349 silly ADD node_modules/fresh
350 silly ADD node_modules/etag
351 silly ADD node_modules/destroy
352 silly ADD node_modules/depd
353 silly ADD node_modules/send
354 silly ADD node_modules/send/node_modules/ms
355 silly ADD node_modules/parseurl
356 silly ADD node_modules/escape-html
357 silly ADD node_modules/encodeurl
358 silly ADD node_modules/jquery
359 silly ADD node_modules/ms
360 silly ADD node_modules/mime-db
361 silly ADD node_modules/negotiator
362 silly ADD node_modules/mime-types
363 silly ADD node_modules/vary
364 silly ADD node_modules/safe-buffer
365 silly ADD node_modules/on-headers
366 silly ADD node_modules/debug
367 silly ADD node_modules/compressible
368 silly ADD node_modules/bytes
369 silly ADD node_modules/accepts
370 silly ADD node_modules/socket.io
371 silly ADD node_modules/socket.io/node_modules/ms
372 silly ADD node_modules/socket.io/node_modules/debug
373 silly ADD node_modules/serve-static
374 silly ADD node_modules/gridstack
375 silly ADD node_modules/compression
376 silly ADD node_modules/suncalc
377 silly ADD node_modules/node-red-node-random
378 silly ADD node_modules/node-red-dashboard
379 silly ADD node_modules/node-red-contrib-ui-time-scheduler
380 silly ADD node_modules/node-red-contrib-timer
381 silly ADD node_modules/node-red-contrib-calc
382 verbose exit 0
383 info ok
